<?xml version="1.0" encoding="UTF-8"?>
<!-- Generated by org.testng.reporters.JUnitReportReporter -->
<testsuite skipped="0" hostname="LM-SJC-11013407" name="com.xero.test.COPY" tests="2" failures="0" timestamp="20 Oct 2018 01:14:02 GMT" time="13.572" errors="0">
  <testcase name="testcase01" time="8.776" classname="com.xero.test.COPY"/>
  <testcase name="testcase02" time="4.796" classname="com.xero.test.COPY"/>
</testsuite> <!-- com.xero.test.COPY -->
