<?xml version="1.0" encoding="UTF-8"?>
<!-- Generated by org.testng.reporters.JUnitReportReporter -->
<testsuite skipped="0" hostname="LM-SJC-11013407" name="com.xero.test.XeroTests" tests="1" failures="0" timestamp="20 Oct 2018 17:19:07 GMT" time="12.526" errors="0">
  <testcase name="testcase13" time="12.526" classname="com.xero.test.XeroTests"/>
</testsuite> <!-- com.xero.test.XeroTests -->
